2026/04/12 09:33:20 Warning: Using development database defaults. Set DATABASE_URL or DB_* env vars for production.
2026/04/12 09:33:20 Database initialized successfully
2026/04/12 09:33:20 Rooms already initialized, skipping...
2026/04/12 09:33:20 Users already exist, skipping admin seed...
2026/04/12 09:33:20 Characters already exist, skipping seed...
2026/04/12 09:33:20 Fountain already initialized, skipping...
2026/04/12 09:33:20 Gizmo NPC already exists, skipping...
2026/04/12 09:33:20 Races already seeded, skipping
2026/04/12 09:33:20 Genders already seeded, skipping
2026/04/12 09:33:20 Warning: failed to initialize Junkyard: failed to find Fountain Plaza: db: room not found
2026/04/12 09:33:20 All characters have valid HP
2026/04/12 09:33:20 Warning: failed to load world manager: failed to load world default: failed to load skills: lstat /home/sam/GitHub/herbst-mud/content/skills: no such file or directory
2026/04/12 09:33:20 Character 9 already has potions, skipping...
[GIN-debug] [WARNING] Creating an Engine instance with the Logger and Recovery middleware already attached.

[GIN-debug] [WARNING] Running in "debug" mode. Switch to "release" mode in production.
 - using env:	export GIN_MODE=release
 - using code:	gin.SetMode(gin.ReleaseMode)

[GIN-debug] POST   /rooms                    --> herbst-server/routes.RegisterRoomRoutes.func1 (5 handlers)
[GIN-debug] GET    /rooms                    --> herbst-server/routes.RegisterRoomRoutes.func2 (5 handlers)
[GIN-debug] GET    /rooms/:id                --> herbst-server/routes.RegisterRoomRoutes.func3 (5 handlers)
[GIN-debug] PUT    /rooms/:id                --> herbst-server/routes.RegisterRoomRoutes.func4 (5 handlers)
[GIN-debug] DELETE /rooms/:id                --> herbst-server/routes.RegisterRoomRoutes.func5 (5 handlers)
[GIN-debug] GET    /rooms/:id/characters     --> herbst-server/routes.RegisterRoomRoutes.func6 (5 handlers)
[GIN-debug] GET    /rooms/:id/look           --> herbst-server/routes.RegisterRoomRoutes.func7 (5 handlers)
[GIN-debug] POST   /skills                   --> herbst-server/routes.RegisterSkillRoutes.func1 (5 handlers)
[GIN-debug] GET    /skills                   --> herbst-server/routes.RegisterSkillRoutes.func2 (5 handlers)
[GIN-debug] GET    /skills/:id               --> herbst-server/routes.RegisterSkillRoutes.func3 (5 handlers)
[GIN-debug] PUT    /skills/:id               --> herbst-server/routes.RegisterSkillRoutes.func4 (5 handlers)
[GIN-debug] DELETE /skills/:id               --> herbst-server/routes.RegisterSkillRoutes.func5 (5 handlers)
[GIN-debug] GET    /skills/type/:type        --> herbst-server/routes.RegisterSkillRoutes.func6 (5 handlers)
[GIN-debug] GET    /skills/effect/:effectType --> herbst-server/routes.RegisterSkillRoutes.func7 (5 handlers)
[GIN-debug] GET    /talents                  --> herbst-server/routes.RegisterTalentRoutes.func1 (5 handlers)
[GIN-debug] GET    /talents/:id              --> herbst-server/routes.RegisterTalentRoutes.func2 (5 handlers)
[GIN-debug] POST   /talents                  --> herbst-server/routes.RegisterTalentRoutes.func3 (5 handlers)
[GIN-debug] PUT    /talents/:id              --> herbst-server/routes.RegisterTalentRoutes.func4 (5 handlers)
[GIN-debug] DELETE /talents/:id              --> herbst-server/routes.RegisterTalentRoutes.func5 (5 handlers)
[GIN-debug] GET    /talents/effect/:effectType --> herbst-server/routes.RegisterTalentRoutes.func6 (5 handlers)
[GIN-debug] POST   /users                    --> herbst-server/routes.RegisterUserRoutes.func1 (5 handlers)
[GIN-debug] POST   /users/auth               --> herbst-server/routes.RegisterUserRoutes.func2 (5 handlers)
[GIN-debug] GET    /users                    --> herbst-server/routes.RegisterUserRoutes.func3 (5 handlers)
[GIN-debug] GET    /users/:id                --> herbst-server/routes.RegisterUserRoutes.func4 (5 handlers)
[GIN-debug] PUT    /users/:id                --> herbst-server/routes.RegisterUserRoutes.func5 (5 handlers)
[GIN-debug] POST   /users/:id/reset-password --> herbst-server/routes.RegisterUserRoutes.func6 (5 handlers)
[GIN-debug] DELETE /users/:id                --> herbst-server/routes.RegisterUserRoutes.func7 (5 handlers)
[GIN-debug] POST   /characters               --> herbst-server/routes.RegisterCharacterRoutes.func1 (5 handlers)
[GIN-debug] GET    /characters               --> herbst-server/routes.RegisterCharacterRoutes.func2 (5 handlers)
[GIN-debug] GET    /characters/:id           --> herbst-server/routes.RegisterCharacterRoutes.func3 (5 handlers)
[GIN-debug] PUT    /characters/:id           --> herbst-server/routes.RegisterCharacterRoutes.func4 (5 handlers)
[GIN-debug] DELETE /characters/:id           --> herbst-server/routes.RegisterCharacterRoutes.func5 (5 handlers)
[GIN-debug] POST   /characters/authenticate  --> herbst-server/routes.RegisterCharacterRoutes.func6 (5 handlers)
[GIN-debug] GET    /user-characters/:id      --> herbst-server/routes.RegisterCharacterRoutes.func7 (5 handlers)
[GIN-debug] POST   /user-characters/:id      --> herbst-server/routes.RegisterCharacterRoutes.func8 (5 handlers)
[GIN-debug] GET    /characters/:id/class     --> herbst-server/routes.RegisterCharacterRoutes.func9 (5 handlers)
[GIN-debug] PUT    /characters/:id/class     --> herbst-server/routes.RegisterCharacterRoutes.func10 (5 handlers)
[GIN-debug] GET    /characters/:id/specialty --> herbst-server/routes.RegisterCharacterRoutes.func11 (5 handlers)
[GIN-debug] PUT    /characters/:id/specialty --> herbst-server/routes.RegisterCharacterRoutes.func12 (5 handlers)
[GIN-debug] GET    /classes/:class/specialties --> herbst-server/routes.RegisterCharacterRoutes.func13 (5 handlers)
[GIN-debug] GET    /user-characters/:id/needed --> herbst-server/routes.RegisterCharacterRoutes.func14 (5 handlers)
[GIN-debug] GET    /characters/:id/race      --> herbst-server/routes.RegisterCharacterRoutes.func15 (5 handlers)
[GIN-debug] GET    /races                    --> herbst-server/routes.RegisterCharacterRoutes.func16 (5 handlers)
[GIN-debug] GET    /genders                  --> herbst-server/routes.RegisterCharacterRoutes.func17 (5 handlers)
[GIN-debug] GET    /game-config/:key         --> herbst-server/routes.RegisterCharacterRoutes.func18 (5 handlers)
[GIN-debug] PUT    /game-config/:key         --> herbst-server/routes.RegisterCharacterRoutes.func19 (5 handlers)
[GIN-debug] PUT    /characters/:id/race      --> herbst-server/routes.RegisterCharacterRoutes.func20 (5 handlers)
[GIN-debug] GET    /characters/:id/stats     --> herbst-server/routes.RegisterCharacterRoutes.func21 (5 handlers)
[GIN-debug] PUT    /characters/:id/stats     --> herbst-server/routes.RegisterCharacterRoutes.func22 (5 handlers)
[GIN-debug] GET    /characters/:id/skills    --> herbst-server/routes.RegisterCharacterRoutes.func23 (5 handlers)
[GIN-debug] PUT    /characters/:id/skills    --> herbst-server/routes.RegisterCharacterRoutes.func24 (5 handlers)
[GIN-debug] GET    /npcs/room/:id            --> herbst-server/routes.RegisterCharacterRoutes.func25 (5 handlers)
[GIN-debug] GET    /npcs                     --> herbst-server/routes.RegisterCharacterRoutes.func26 (5 handlers)
[GIN-debug] GET    /characters/:id/talents   --> herbst-server/routes.RegisterCharacterRoutes.func27 (5 handlers)
[GIN-debug] POST   /characters/:id/talents   --> herbst-server/routes.RegisterCharacterRoutes.func28 (5 handlers)
[GIN-debug] DELETE /characters/:id/talents/:slot --> herbst-server/routes.RegisterCharacterRoutes.func29 (5 handlers)
[GIN-debug] PUT    /characters/:id/talents/swap --> herbst-server/routes.RegisterCharacterRoutes.func30 (5 handlers)
[GIN-debug] GET    /characters/:id/available-talents --> herbst-server/routes.RegisterCharacterRoutes.func31 (5 handlers)
[GIN-debug] POST   /characters/:id/available-talents --> herbst-server/routes.RegisterCharacterRoutes.func32 (5 handlers)
[GIN-debug] DELETE /characters/:id/available-talents/:talentId --> herbst-server/routes.RegisterCharacterRoutes.func33 (5 handlers)
[GIN-debug] POST   /characters/:id/damage    --> herbst-server/routes.RegisterCharacterRoutes.func34 (5 handlers)
[GIN-debug] POST   /characters/:id/heal      --> herbst-server/routes.RegisterCharacterRoutes.func35 (5 handlers)
[GIN-debug] POST   /rooms/:id/npcs/heal      --> herbst-server/routes.RegisterCharacterRoutes.func36 (5 handlers)
[GIN-debug] GET    /characters/:id/classless-skills --> herbst-server/routes.RegisterCharacterRoutes.func37 (5 handlers)
[GIN-debug] POST   /characters/:id/classless-skills --> herbst-server/routes.RegisterCharacterRoutes.func38 (5 handlers)
[GIN-debug] PUT    /characters/:id/classless-skills/swap --> herbst-server/routes.RegisterCharacterRoutes.func39 (5 handlers)
[GIN-debug] GET    /characters/:id/combat-status --> herbst-server/routes.RegisterCharacterRoutes.func40 (5 handlers)
[GIN-debug] POST   /rooms/:id/npcs/passive-heal --> herbst-server/routes.RegisterCharacterRoutes.func41 (5 handlers)
[GIN-debug] POST   /characters/:id/stamina   --> herbst-server/routes.RegisterCharacterRoutes.func42 (5 handlers)
[GIN-debug] POST   /characters/:id/mana      --> herbst-server/routes.RegisterCharacterRoutes.func43 (5 handlers)
[GIN-debug] POST   /equipment                --> herbst-server/routes.RegisterEquipmentRoutes.func1 (5 handlers)
[GIN-debug] GET    /equipment                --> herbst-server/routes.RegisterEquipmentRoutes.func2 (5 handlers)
[GIN-debug] GET    /rooms/:id/equipment      --> herbst-server/routes.RegisterEquipmentRoutes.func3 (5 handlers)
[GIN-debug] GET    /equipment/:id            --> herbst-server/routes.RegisterEquipmentRoutes.func4 (5 handlers)
[GIN-debug] PUT    /equipment/:id            --> herbst-server/routes.RegisterEquipmentRoutes.func5 (5 handlers)
[GIN-debug] DELETE /equipment/:id            --> herbst-server/routes.RegisterEquipmentRoutes.func6 (5 handlers)
[GIN-debug] GET    /equipment/:id/examine    --> herbst-server/routes.RegisterEquipmentRoutes.func7 (5 handlers)
[GIN-debug] POST   /equipment/:id/reveal     --> herbst-server/routes.RegisterEquipmentRoutes.func8 (5 handlers)
[GIN-debug] GET    /equipment/:id/reveal     --> herbst-server/routes.RegisterEquipmentRoutes.func9 (5 handlers)
[GIN-debug] POST   /api/backups              --> herbst-server/routes.RegisterBackupRoutes.createBackupHandler.func1 (5 handlers)
[GIN-debug] GET    /api/backups              --> herbst-server/routes.RegisterBackupRoutes.listBackupsHandler.func2 (5 handlers)
[GIN-debug] GET    /api/backups/:id/validate --> herbst-server/routes.RegisterBackupRoutes.validateBackupHandler.func3 (5 handlers)
[GIN-debug] POST   /api/backups/:id/restore  --> herbst-server/routes.RegisterBackupRoutes.restoreBackupHandler.func4 (5 handlers)
[GIN-debug] GET    /api/backups/:id/manifest --> herbst-server/routes.RegisterBackupRoutes.getManifestHandler.func5 (5 handlers)
[GIN-debug] GET    /admin/export             --> herbst-server/routes.RegisterGameExportRoutes.func1 (5 handlers)
[GIN-debug] POST   /admin/import             --> herbst-server/routes.RegisterGameExportRoutes.func2 (5 handlers)
[GIN-debug] POST   /admin/import/validate    --> herbst-server/routes.RegisterGameExportRoutes.func3 (5 handlers)
[GIN-debug] POST   /admin/wipe               --> herbst-server/routes.RegisterAdminWipeRoutes.func1 (5 handlers)
[GIN-debug] POST   /admin/wipe/full          --> herbst-server/routes.RegisterAdminWipeRoutes.func2 (5 handlers)
[GIN-debug] GET    /healthz                  --> main.main.func3 (5 handlers)
[GIN-debug] GET    /openapi.json             --> main.main.func4 (5 handlers)
[GIN-debug] [WARNING] You trusted all proxies, this is NOT safe. We recommend you to set a value.
Please check https://github.com/gin-gonic/gin/blob/master/docs/doc.md#dont-trust-all-proxies for details.
[GIN-debug] Listening and serving HTTP on 0.0.0.0:8080
[GIN] 2026/04/12 - 09:33:23 | 200 |      171.93µs |             ::1 | GET      "/healthz"
[GIN] 2026/04/12 - 09:33:27 | 200 |    1.157783ms |             ::1 | GET      "/races"
[GIN] 2026/04/12 - 09:33:27 | 200 |     427.534µs |             ::1 | GET      "/genders"
[GIN] 2026/04/12 - 09:33:31 | 404 |      23.238µs |             ::1 | GET      "/admin/game-config/fountain_room_id"
[GIN] 2026/04/12 - 09:33:38 | 200 |     700.302µs |             ::1 | GET      "/game-config/fountain_room_id"
[GIN] 2026/04/12 - 09:33:38 | 200 |       543.1µs |             ::1 | GET      "/game-config/fountain_room_id"
